app/build/intermediates/manifest_merge_blame_file/debug/processDebugMainManifest/manifest-merger-blame-debug-report.txt
1<?xml version="1.0" encoding="utf-8"?>
2<!-- AndroidManifest.xml модуля :app (телефон) -->
3<manifest xmlns:android="http://schemas.android.com/apk/res/android"
4    package="com.wearmorse.phone"
5    android:versionCode="1"
6    android:versionName="1.0" >
7
8    <uses-sdk
8-->INJECTED
9        android:minSdkVersion="26"
9-->INJECTED
10        android:targetSdkVersion="34" />
10-->INJECTED
11
12    <!-- Разрешения для Wearable API, фонового сервиса и воспроизведения аудио -->
13    <uses-permission android:name="android.permission.INTERNET" />
13-->src\main\AndroidManifest.xml:6:5-67
13-->src\main\AndroidManifest.xml:6:22-64
14    <uses-permission android:name="android.permission.WAKE_LOCK" />
14-->src\main\AndroidManifest.xml:7:5-68
14-->src\main\AndroidManifest.xml:7:22-65
15    <uses-permission android:name="android.permission.FOREGROUND_SERVICE" />
15-->src\main\AndroidManifest.xml:8:5-77
15-->src\main\AndroidManifest.xml:8:22-74
16    <uses-permission android:name="android.permission.FOREGROUND_SERVICE_MEDIA_PLAYBACK" />
16-->src\main\AndroidManifest.xml:9:5-92
16-->src\main\AndroidManifest.xml:9:22-89
17    <uses-permission android:name="android.permission.POST_NOTIFICATIONS" />
17-->src\main\AndroidManifest.xml:10:5-77
17-->src\main\AndroidManifest.xml:10:22-74
18
19    <permission
19-->[androidx.core:core:1.12.0] AndroidManifest.xml:22:5-24:47
20        android:name="com.wearmorse.phone.DYNAMIC_RECEIVER_NOT_EXPORTED_PERMISSION"
20-->[androidx.core:core:1.12.0] AndroidManifest.xml:23:9-81
21        android:protectionLevel="signature" />
21-->[androidx.core:core:1.12.0] AndroidManifest.xml:24:9-44
22
23    <uses-permission android:name="com.wearmorse.phone.DYNAMIC_RECEIVER_NOT_EXPORTED_PERMISSION" />
23-->[androidx.core:core:1.12.0] AndroidManifest.xml:26:5-97
23-->[androidx.core:core:1.12.0] AndroidManifest.xml:26:22-94
24
25    <application
25-->src\main\AndroidManifest.xml:12:5-39:19
26        android:allowBackup="true"
26-->src\main\AndroidManifest.xml:13:9-35
27        android:appComponentFactory="androidx.core.app.CoreComponentFactory"
27-->[androidx.core:core:1.12.0] AndroidManifest.xml:28:18-86
28        android:debuggable="true"
29        android:extractNativeLibs="false"
29-->INJECTED
30        android:icon="@mipmap/ic_launcher"
30-->src\main\AndroidManifest.xml:14:9-43
31        android:label="@string/app_name"
31-->src\main\AndroidManifest.xml:15:9-41
32        android:supportsRtl="true"
32-->src\main\AndroidManifest.xml:16:9-35
33        android:testOnly="true"
34        android:theme="@style/Theme.WearMorseMessenger" >
34-->src\main\AndroidManifest.xml:17:9-56
35
36        <!-- Главный экран: поле ввода и кнопка «Отправить» -->
37        <activity
37-->src\main\AndroidManifest.xml:20:9-27:20
38            android:name="com.wearmorse.phone.MainActivity"
38-->src\main\AndroidManifest.xml:21:13-41
39            android:exported="true" >
39-->src\main\AndroidManifest.xml:22:13-36
40            <intent-filter>
40-->src\main\AndroidManifest.xml:23:13-26:29
41                <action android:name="android.intent.action.MAIN" />
41-->src\main\AndroidManifest.xml:24:17-69
41-->src\main\AndroidManifest.xml:24:25-66
42
43                <category android:name="android.intent.category.LAUNCHER" />
43-->src\main\AndroidManifest.xml:25:17-77
43-->src\main\AndroidManifest.xml:25:27-74
44            </intent-filter>
45        </activity>
46
47        <!-- Фоновый сервис: принимает аудиопоток с часов и воспроизводит его -->
48        <service
48-->src\main\AndroidManifest.xml:30:9-33:61
49            android:name="com.wearmorse.phone.AudioReceiverService"
49-->src\main\AndroidManifest.xml:31:13-49
50            android:exported="false"
50-->src\main\AndroidManifest.xml:32:13-37
51            android:foregroundServiceType="mediaPlayback" />
51-->src\main\AndroidManifest.xml:33:13-58
52
53        <!-- Обязательная мета-данная для связи с Wear OS -->
54        <meta-data
54-->src\main\AndroidManifest.xml:36:9-38:37
55            android:name="com.google.android.wearable.standalone"
55-->src\main\AndroidManifest.xml:37:13-66
56            android:value="false" />
56-->src\main\AndroidManifest.xml:38:13-34
57
58        <provider
58-->[androidx.emoji2:emoji2:1.2.0] AndroidManifest.xml:24:9-32:20
59            android:name="androidx.startup.InitializationProvider"
59-->[androidx.emoji2:emoji2:1.2.0] AndroidManifest.xml:25:13-67
60            android:authorities="com.wearmorse.phone.androidx-startup"
60-->[androidx.emoji2:emoji2:1.2.0] AndroidManifest.xml:26:13-68
61            android:exported="false" >
61-->[androidx.emoji2:emoji2:1.2.0] AndroidManifest.xml:27:13-37
62            <meta-data
62-->[androidx.emoji2:emoji2:1.2.0] AndroidManifest.xml:29:13-31:52
63                android:name="androidx.emoji2.text.EmojiCompatInitializer"
63-->[androidx.emoji2:emoji2:1.2.0] AndroidManifest.xml:30:17-75
64                android:value="androidx.startup" />
64-->[androidx.emoji2:emoji2:1.2.0] AndroidManifest.xml:31:17-49
65            <meta-data
65-->[androidx.lifecycle:lifecycle-process:2.6.1] AndroidManifest.xml:29:13-31:52
66                android:name="androidx.lifecycle.ProcessLifecycleInitializer"
66-->[androidx.lifecycle:lifecycle-process:2.6.1] AndroidManifest.xml:30:17-78
67                android:value="androidx.startup" />
67-->[androidx.lifecycle:lifecycle-process:2.6.1] AndroidManifest.xml:31:17-49
68            <meta-data
68-->[androidx.profileinstaller:profileinstaller:1.3.0] AndroidManifest.xml:29:13-31:52
69                android:name="androidx.profileinstaller.ProfileInstallerInitializer"
69-->[androidx.profileinstaller:profileinstaller:1.3.0] AndroidManifest.xml:30:17-85
70                android:value="androidx.startup" />
70-->[androidx.profileinstaller:profileinstaller:1.3.0] AndroidManifest.xml:31:17-49
71        </provider>
72
73        <activity
73-->[com.google.android.gms:play-services-base:18.0.1] AndroidManifest.xml:20:9-22:45
74            android:name="com.google.android.gms.common.api.GoogleApiActivity"
74-->[com.google.android.gms:play-services-base:18.0.1] AndroidManifest.xml:20:19-85
75            android:exported="false"
75-->[com.google.android.gms:play-services-base:18.0.1] AndroidManifest.xml:22:19-43
76            android:theme="@android:style/Theme.Translucent.NoTitleBar" />
76-->[com.google.android.gms:play-services-base:18.0.1] AndroidManifest.xml:21:19-78
77
78        <meta-data
78-->[com.google.android.gms:play-services-basement:18.0.0] AndroidManifest.xml:21:9-23:69
79            android:name="com.google.android.gms.version"
79-->[com.google.android.gms:play-services-basement:18.0.0] AndroidManifest.xml:22:13-58
80            android:value="@integer/google_play_services_version" />
80-->[com.google.android.gms:play-services-basement:18.0.0] AndroidManifest.xml:23:13-66
81
82        <receiver
82-->[androidx.profileinstaller:profileinstaller:1.3.0] AndroidManifest.xml:34:9-52:20
83            android:name="androidx.profileinstaller.ProfileInstallReceiver"
83-->[androidx.profileinstaller:profileinstaller:1.3.0] AndroidManifest.xml:35:13-76
84            android:directBootAware="false"
84-->[androidx.profileinstaller:profileinstaller:1.3.0] AndroidManifest.xml:36:13-44
85            android:enabled="true"
85-->[androidx.profileinstaller:profileinstaller:1.3.0] AndroidManifest.xml:37:13-35
86            android:exported="true"
86-->[androidx.profileinstaller:profileinstaller:1.3.0] AndroidManifest.xml:38:13-36
87            android:permission="android.permission.DUMP" >
87-->[androidx.profileinstaller:profileinstaller:1.3.0] AndroidManifest.xml:39:13-57
88            <intent-filter>
88-->[androidx.profileinstaller:profileinstaller:1.3.0] AndroidManifest.xml:40:13-42:29
89                <action android:name="androidx.profileinstaller.action.INSTALL_PROFILE" />
89-->[androidx.profileinstaller:profileinstaller:1.3.0] AndroidManifest.xml:41:17-91
89-->[androidx.profileinstaller:profileinstaller:1.3.0] AndroidManifest.xml:41:25-88
90            </intent-filter>
91            <intent-filter>
91-->[androidx.profileinstaller:profileinstaller:1.3.0] AndroidManifest.xml:43:13-45:29
92                <action android:name="androidx.profileinstaller.action.SKIP_FILE" />
92-->[androidx.profileinstaller:profileinstaller:1.3.0] AndroidManifest.xml:44:17-85
92-->[androidx.profileinstaller:profileinstaller:1.3.0] AndroidManifest.xml:44:25-82
93            </intent-filter>
94            <intent-filter>
94-->[androidx.profileinstaller:profileinstaller:1.3.0] AndroidManifest.xml:46:13-48:29
95                <action android:name="androidx.profileinstaller.action.SAVE_PROFILE" />
95-->[androidx.profileinstaller:profileinstaller:1.3.0] AndroidManifest.xml:47:17-88
95-->[androidx.profileinstaller:profileinstaller:1.3.0] AndroidManifest.xml:47:25-85
96            </intent-filter>
97            <intent-filter>
97-->[androidx.profileinstaller:profileinstaller:1.3.0] AndroidManifest.xml:49:13-51:29
98                <action android:name="androidx.profileinstaller.action.BENCHMARK_OPERATION" />
98-->[androidx.profileinstaller:profileinstaller:1.3.0] AndroidManifest.xml:50:17-95
98-->[androidx.profileinstaller:profileinstaller:1.3.0] AndroidManifest.xml:50:25-92
99            </intent-filter>
100        </receiver>
101    </application>
102
103</manifest>